[debug] [2018-12-05T20:35:25.566Z] ----------------------------------------------------------------------
[debug] [2018-12-05T20:35:25.568Z] Command:       C:\Program Files\nodejs\node.exe C:\Users\aidan\AppData\Roaming\npm\node_modules\firebase-tools\lib\bin\firebase.js serve --only hosting
[debug] [2018-12-05T20:35:25.568Z] CLI Version:   6.1.2
[debug] [2018-12-05T20:35:25.568Z] Platform:      win32
[debug] [2018-12-05T20:35:25.568Z] Node Version:  v11.2.0
[debug] [2018-12-05T20:35:25.569Z] Time:          Wed Dec 05 2018 15:35:25 GMT-0500 (Eastern Standard Time)
[debug] [2018-12-05T20:35:25.570Z] ----------------------------------------------------------------------
[debug] 
[debug] [2018-12-05T20:35:25.585Z] > command requires scopes: ["email","openid","https://www.googleapis.com/auth/cloudplatformprojects.readonly","https://www.googleapis.com/auth/firebase","https://www.googleapis.com/auth/cloud-platform"]
[debug] [2018-12-05T20:35:25.587Z] > authorizing via signed-in user
[debug] [2018-12-05T20:35:25.587Z] [iam] checking project paradigm-a1bc9 for permissions ["firebase.projects.get"]
[debug] [2018-12-05T20:35:25.589Z] >>> HTTP REQUEST POST https://cloudresourcemanager.googleapis.com/v1/projects/paradigm-a1bc9:testIamPermissions  

[debug] [2018-12-05T20:35:25.808Z] <<< HTTP RESPONSE 200
[debug] [2018-12-05T20:35:25.809Z] >>> HTTP REQUEST GET https://cloudresourcemanager.googleapis.com/v1/projects/paradigm-a1bc9  
 
[debug] [2018-12-05T20:35:26.386Z] <<< HTTP RESPONSE 200
[info] 
[info] === Serving from 'C:\Users\aidan\OneDrive\Desktop\Paradigm'...
[info] 
[debug] [2018-12-05T20:35:26.390Z] >>> HTTP REQUEST GET https://mobilesdk-pa.googleapis.com/v1/projects/728943503114/clients/_:getWebAppConfig  
 
[debug] [2018-12-05T20:35:26.664Z] <<< HTTP RESPONSE 200
[info] i  hosting: Serving hosting files from: ./public
[info] +  hosting: Local server: http://localhost:5000
